<?xml version="1.0" encoding="UTF-8"?>
<!-- Generated by org.testng.reporters.JUnitXMLReporter -->
<testsuite hostname="DESKTOP-5S5PDPE" ignored="0" name="Default test" tests="3" failures="0" timestamp="2022-03-09T13:41:11 HST" time="24.791" errors="0">
  <testcase name="loginTest" time="2.87" classname="variousConcepts.CRMTest"/>
  <testcase name="addContact" time="5.021" classname="variousConcepts.CRMTest"/>
  <testcase name="loginTestNeg" time="3.016" classname="variousConcepts.CRMTest"/>
</testsuite> <!-- Default test -->
